\BOOKMARK [0][-]{chapter.1}{Introduction}{}% 1
\BOOKMARK [0][-]{chapter.2}{Literature\040Survey}{}% 2
\BOOKMARK [1][-]{section.2.1}{Steps\040of\040a\040Systematic\040Review}{chapter.2}% 3
\BOOKMARK [2][-]{subsection.2.1.1}{Question\040Definition}{section.2.1}% 4
\BOOKMARK [2][-]{subsection.2.1.2}{Relevant\040literature\040search}{section.2.1}% 5
\BOOKMARK [2][-]{subsection.2.1.3}{Data\040Filtering}{section.2.1}% 6
\BOOKMARK [2][-]{subsection.2.1.4}{Data\040Extraction}{section.2.1}% 7
\BOOKMARK [1][-]{section.2.2}{Indexing\040and\040Querying\040Medline\040and\040Automated\040Query\040Generation}{chapter.2}% 8
\BOOKMARK [2][-]{subsection.2.2.1}{Automated\040Query\040Generation}{section.2.2}% 9
\BOOKMARK [1][-]{section.2.3}{Stopping\040Criteria}{chapter.2}% 10
\BOOKMARK [2][-]{subsection.2.3.1}{Evaluation\040Metrics\040for\040Finding\040Stopping\040Points}{section.2.3}% 11
\BOOKMARK [2][-]{subsection.2.3.2}{Formulating\040Stopping\040Problem}{section.2.3}% 12
\BOOKMARK [2][-]{subsection.2.3.3}{Existing\040Stopping\040Methods}{section.2.3}% 13
\BOOKMARK [1][-]{section.2.4}{Summary}{chapter.2}% 14
\BOOKMARK [0][-]{chapter.3}{Research\040Questions}{}% 15
\BOOKMARK [0][-]{chapter.4}{Novel\040Work}{}% 16
\BOOKMARK [1][-]{subsection.4.0.1}{CLEF\0402017\040Runs}{chapter.4}% 17
\BOOKMARK [1][-]{section.4.1}{Baseline\040Approaches\040to\040Stopping}{chapter.4}% 18
\BOOKMARK [2][-]{subsection.4.1.1}{Oracle\040Scores}{section.4.1}% 19
\BOOKMARK [2][-]{subsection.4.1.2}{Percentage\040cut-off\040method}{section.4.1}% 20
\BOOKMARK [2][-]{subsection.4.1.3}{Similarity\040score\040cut-off\040method}{section.4.1}% 21
\BOOKMARK [1][-]{section.4.2}{Sample\040Method\040to\040Stopping}{chapter.4}% 22
\BOOKMARK [2][-]{subsection.4.2.1}{Curve\040Fitting}{section.4.2}% 23
\BOOKMARK [2][-]{subsection.4.2.2}{Gaussian\040Process\040Fitting}{section.4.2}% 24
\BOOKMARK [2][-]{subsection.4.2.3}{Conclusion\040on\040Curve\040fitting\040and\040GP}{section.4.2}% 25
\BOOKMARK [2][-]{subsection.4.2.4}{Comparing\040Methods}{section.4.2}% 26
\BOOKMARK [1][-]{section.4.3}{Poisson\040Process\040for\040Stopping\040Points}{chapter.4}% 27
\BOOKMARK [2][-]{subsection.4.3.1}{Non-Homogeneous\040Poisson\040Process}{section.4.3}% 28
\BOOKMARK [1][-]{section.4.4}{Automatic\040Full\040Text\040Retrieval}{chapter.4}% 29
\BOOKMARK [1][-]{section.4.5}{Indexing\040and\040Querying\040Medline\040with\040Limited\040Information}{chapter.4}% 30
\BOOKMARK [2][-]{subsection.4.5.1}{Acquiring\040Key\040Information\040from\040A\040Systematic\040Review\040Protocol}{section.4.5}% 31
\BOOKMARK [2][-]{subsection.4.5.2}{Indexing\040Pubmed}{section.4.5}% 32
\BOOKMARK [2][-]{subsection.4.5.3}{Runs}{section.4.5}% 33
\BOOKMARK [2][-]{subsection.4.5.4}{Results}{section.4.5}% 34
\BOOKMARK [2][-]{subsection.4.5.5}{Pubmed\040automatic\040query\040Conclusion}{section.4.5}% 35
\BOOKMARK [0][-]{chapter.5}{Future\040Work}{}% 36
\BOOKMARK [1][-]{section.5.1}{Gnatt\040Chart}{chapter.5}% 37
\BOOKMARK [0][-]{chapter.6}{DDP}{}% 38
